Starting Monte Carlo Sampling...

Current time: Mon Apr 15 16:19:06 2024 

Variation: All
Sampling Method: Random
Seed: 

MonteCarlo.0
Number of points completed: 100
Number of simulation errors: 0
MonteCarlo.0 completed. 
Current time: Mon Apr 15 16:20:57 2024 
Monte Carlo Sampling yield summary:
Number of spec values are in this yield data: 2
lab2024:tb_ycircuitcustom:1	Nominal - 
	delay:	Yield	0%
		Min 2.48923e-09	Max 2.48923e-09	Mean 2.48923e-09	Sigma to Target -1.79769e+308	Number of errors 0
lab2024:tb_ycircuitcustom:1	Nominal - 
	power:	Yield	0%
		Min 8.96168e-05	Max 8.96168e-05	Mean 8.96168e-05	Sigma to Target -1.79769e+308	Number of errors 0

lab2024:tb_ycircuitcustom:1
	Overall Yield	0%	Number of points passed	0	Total number of points	100

Estimated yield = 0% (0/100), 0 errors
Estimated yield (No opregions) = 0% (0/100)
