********************************************************************************
Product   : Virtuoso(R) XStream In
Program   : @(#)$CDS: strmin version 6.1.8-64b 05/03/2023 09:40 (sjfhw317) $
          : sub-version  IC6.1.8-64b.500.32 
Started at: 22-Feb-2024  14:22:54
User Name : oj23092
Host Name : it075801.wks.bris.ac.uk
Directory : /home/oj23092/VLSI_Design_Lab
CADENCE Design Systems, Inc.
********************************************************************************
Info: Cellview Rev Num:99,  Tech Rev Num:59

WARNING (XSTRM-84): The 'Skip Undefined LPPs' option will be ignored because a new library is being created.
WARNING (XSTRM-200): XStream In is running in automatic layer mapping mode and hence '-skipUndefinedLPP' option will be ignored. Specify layer map file name for XStream In to respect '-skipUndefinedLPP' option.
INFO (XSTRM-289): Performing automatic layer mapping because either the layer mapping information is not provided or the XST_AUTO_LM  value is used with the '-layerMap' option.

Summary of Options:
	library				lab2024_streamin
	strmFile			/home/oj23092/VLSI_Design_Lab/GDSII_files/NAND3.gds
	logFile				strmIn.log
	topCell				NAND3
	view				layout
	hierDepth			20
	case				Preserve
	userSkillFile			/eda/cadence/ams/4.10/cds/HK_C35/skill/ams_sdl.il
	propSeparator			,
	checkPolygon				

INFO (XSTRM-220): 1. Translating STRUCTURE P1_C_CDNS_708611461440 as cellView lab2024_streamin/P1_C_CDNS_708611461440/layout.
INFO (XSTRM-61): Creating a new layer L34 in the technology file.
INFO (XSTRM-62): Creating a new layer-purpose pair 'L34:drawing' in the technology file.
INFO (XSTRM-61): Creating a new layer L20 in the technology file.
INFO (XSTRM-62): Creating a new layer-purpose pair 'L20:drawing' in the technology file.
INFO (XSTRM-61): Creating a new layer L35 in the technology file.
INFO (XSTRM-62): Creating a new layer-purpose pair 'L35:drawing' in the technology file.
INFO (XSTRM-220): 2. Translating STRUCTURE nmos4_CDNS_708611461440 as cellView lab2024_streamin/nmos4_CDNS_708611461440/layout.
INFO (XSTRM-61): Creating a new layer L10 in the technology file.
INFO (XSTRM-62): Creating a new layer-purpose pair 'L10:drawing' in the technology file.
INFO (XSTRM-61): Creating a new layer L61 in the technology file.
INFO (XSTRM-62): Creating a new layer-purpose pair 'L61:drawing' in the technology file.
INFO (XSTRM-61): Creating a new layer L23 in the technology file.
INFO (XSTRM-62): Creating a new layer-purpose pair 'L23:drawing' in the technology file.
INFO (XSTRM-61): Creating a new layer L24 in the technology file.
INFO (XSTRM-62): Creating a new layer-purpose pair 'L24:drawing' in the technology file.
INFO (XSTRM-220): 3. Translating STRUCTURE nmos4_CDNS_708611461441 as cellView lab2024_streamin/nmos4_CDNS_708611461441/layout.
INFO (XSTRM-220): 4. Translating STRUCTURE pmos4_CDNS_708611461442 as cellView lab2024_streamin/pmos4_CDNS_708611461442/layout.
INFO (XSTRM-61): Creating a new layer L5 in the technology file.
INFO (XSTRM-62): Creating a new layer-purpose pair 'L5:drawing' in the technology file.
INFO (XSTRM-220): 5. Translating STRUCTURE pmos4_CDNS_708611461443 as cellView lab2024_streamin/pmos4_CDNS_708611461443/layout.
INFO (XSTRM-220): 6. Translating STRUCTURE pmos4_CDNS_708611461444 as cellView lab2024_streamin/pmos4_CDNS_708611461444/layout.
INFO (XSTRM-220): 7. Translating STRUCTURE nmos4_CDNS_708611461445 as cellView lab2024_streamin/nmos4_CDNS_708611461445/layout.
INFO (XSTRM-220): 8. Translating STRUCTURE NAND3 as cellView lab2024_streamin/NAND3/layout.

Summary of Objects Translated:
	Instances:                              9
	Arrays:                                 0
	Polygons:                               0
	Paths:                                  51
	PathSegs:                               0
	Rectangles:                             56
	Text:                                   8
	Node:                                   0
	Line:                                   0
	Cells:                                  8

Elapsed Time: 0.4s   User Time: 0.1s   CPU Time: 0.1s   Peak VM: 12896KB  CPUs Used: 2
INFO (XSTRM-234): Translation completed. '0' error(s) and '2' warning(s) found.
