********************************************************************************
Product   : Virtuoso(R) XStream Out
Program   : @(#)$CDS: strmout version 6.1.8-64b 05/03/2023 09:42 (cpgsrv12) $
          : sub-version  IC6.1.8-64b.500.32 
Started at: 24-Apr-2024  14:54:22
User Name : oj23092
Host Name : it075661.wks.bris.ac.uk
Directory : /home/oj23092/VLSI_Design_Lab
CADENCE Design Systems, Inc.
********************************************************************************
Info: Cellview Rev Num:99,  Tech Rev Num:59

INFO (XSTRM-217): Reading the layer map file, /eda/cadence/ams/4.10/cds/HK_C35/TECH_C35B4/TECH_C35B4.layermap
INFO (XSTRM-162): You have not used the '-viaMap' option. If the OpenAccess design has native oaVia instances, use the '-viaMap' option for preserving oaVia instances in a XStream Out - XStream In round trip. Using the '-viaMap' option improves performance and VM usage of applications using the Streamed-In design.

Summary of Options :
library                                 lab2024
strmFile                                /home/oj23092/VLSI_Design_Lab/GDSII_files/xort.gds
topCell                                 xort
view                                    layout
logFile                                 strmOut.log
techLib                                 TECH_C35B4
hierDepth                               20
layerMap                                /eda/cadence/ams/4.10/cds/HK_C35/TECH_C35B4/TECH_C35B4.layermap
userSkillFile                           /eda/cadence/ams/4.10/cds/HK_C35/skill/ams_sdl.il
case                                    Preserve
convertDot                              node

INFO (XSTRM-223): 1. Translating stdVia TECH_C35B4/P1_C/layout as STRUCTURE P1_C_CDNS_713966862470.
INFO (XSTRM-223): 2. Translating cellView PRIMLIB/nmos4/layout as STRUCTURE nmos4_CDNS_713966862470.
INFO (XSTRM-223): 3. Translating cellView PRIMLIB/pmos4/layout as STRUCTURE pmos4_CDNS_713966862471.
INFO (XSTRM-223): 4. Translating cellView PRIMLIB/nmos4/layout as STRUCTURE nmos4_CDNS_713966862472.
INFO (XSTRM-223): 5. Translating cellView PRIMLIB/pmos4/layout as STRUCTURE pmos4_CDNS_713966862473.
INFO (XSTRM-223): 6. Translating cellView PRIMLIB/nmos4/layout as STRUCTURE nmos4_CDNS_713966862474.
INFO (XSTRM-223): 7. Translating cellView PRIMLIB/pmos4/layout as STRUCTURE pmos4_CDNS_713966862475.
INFO (XSTRM-223): 8. Translating cellView lab2024/xort/layout as STRUCTURE xort.
INFO (XSTRM-180): You have not used the '-objectMap' option. The design has instance(s) of at least one of following OpenAccess objects: oaBlockage, oaBoundary, oaRow, and oaMarker. Any information about these objects will not be translated into the generated stream file. Use the '-objectMap' option to translate/preserve these objects using XStream.
WARNING (XSTRM-35): The objects in the layer-purpose pair 'MET1:pin' are ignored. This is because the layer-purpose pair used in the design is not specified in the layer map file. Specify the layer-purpose pair in the layer map file and try again.

Summary of Objects Translated:
	Scalar Instances:                       6
	Array Instances:                        0
	Polygons:                               0
	Paths:                                  52
	Rectangles:                             63
	Lines:                                  0
	Arcs:                                   0
	Donuts:                                 0
	Dots:                                   0
	Ellipses:                               0
	Boundaries:                             0
	Area Blockages:                         0
	Layer Blockages:                        0
	Area Halos:                             0
	Markers:                                0
	Rows:                                   0
	Standard Vias                           2
	Custom Vias:                            0
	CdsGen Vias:                            0
	Pathsegs:                               7
	Text:                                   19
	TextDisplay:                            0
	Cells:                                  8

Elapsed Time: 0.2s   User Time: 0.1s   CPU Time: 0.0s   Peak VM: 6948KB
INFO (XSTRM-234): Translation completed. '0' error(s) and '1' warning(s) found.
