Begin Incremental Netlisting Apr 12 12:05:48 2024
ERROR (OSSHNL-109): The cellview 'lab2024/inv/schematic' has been modified since
the last extraction. Validate
that the schematic is correct and run Check and
Save to correct this error.

End netlisting Apr 12 12:05:48 2024
Begin Incremental Netlisting Apr 12 12:06:02 2024
ERROR (OSSHNL-109): The cellview 'lab2024/inv/schematic' has been modified since
the last extraction. Validate
that the schematic is correct and run Check and
Save to correct this error.

End netlisting Apr 12 12:06:02 2024
Begin Incremental Netlisting Apr 12 12:06:11 2024
ERROR (OSSHNL-109): The cellview 'lab2024/inv/schematic' has been modified since
the last extraction. Validate
that the schematic is correct and run Check and
Save to correct this error.

End netlisting Apr 12 12:06:11 2024
Begin Incremental Netlisting Apr 12 12:06:14 2024
ERROR (OSSHNL-109): The cellview 'lab2024/inv/schematic' has been modified since
the last extraction. Validate
that the schematic is correct and run Check and
Save to correct this error.

End netlisting Apr 12 12:06:14 2024
