\# Program start time:     UTC 2024.03.11 15:38:27.816
\# Local time: GMT (UTC+00:00) 2024.03.11 15:38:27.816
\o Program:		@(#)$CDS: virtuoso version 6.1.8-64b 05/03/2023 09:48 (sjfhw317) $
\o Hierarchy:		/eda/cadence/2022-23/RHELx86/IC_6.1.8.320/tools.lnx86/dfII/
\o Sub version:		sub-version  IC6.1.8-64b.500.32  (64-bit addresses)
\# Command line:	/eda/cadence/2022-23/RHELx86/IC_6.1.8.320/tools.lnx86/dfII/bin/64bit/virtuoso -noautostart -mpssession virtuoso890241 -mpshost it075679.wks.bris.ac.uk -davinciService DaVinciService_890241_1710169210 -log /home/oj23092/VLSI_Design_Lab/logs_oj23092/logs0/Job1.log -licenseLockFileName /home/oj23092/VLSI_Design_Lab/.tmp_oj23092/.it075679.wks.bris.ac.uk_890241 -interactiveA -interactiveE -interactiveRTT -nostdin -nographE -axlChildIdFlag 1
\# Host name (type):	it075679.wks.bris.ac.uk (x86_64)
\# Operating system:	Linux 4.18.0-513.5.1.el8_9.x86_64+debug #1 SMP Fri Nov 17 03:14:37 UTC 2023
\# Linux /etc/issue:	\S
\# Linux /etc/issue:	Kernel \r on an \m
\# X display name (WxH):	:3059 (1024x868)
\# Available geometry:			TL(0:0) BR(1023:867)
\# X server:			The X.Org Foundation
\# Depth of Visual (Root):	24 (24)
\# Number of Planes Used:	24
\# X version:		11.0 (vendor release 12011000)
\# X resource pool:	base 0x400000, mask 0x1fffff (2097151), shift 0
\# 			current id 0x0, current max 0x1ffffa (2097146)
\# Max data seg size:	     unlimited
\# Max process size:	     unlimited
\# Initial sbrk value:	        638 MB
\# Available memory:	     16,226 MB
\# System memory:	     21,372 MB
\# Maximum memory size:	     20,853 MB
\# Max mem available:	     16,344 MB
\# Initial memory used:	        119 MB
\#        process size:	      1,690 MB
\# Thread usage limits (effective/default):	maxthreads 26698/26698 maxload 12.00/12.00
\# Qt version:		5.9.1
\# Window Manager:	other
\# User Name:		oj23092
\o Working Directory:	it075679.wks.bris.ac.uk:/home/oj23092/VLSI_Design_Lab
\# Process Id:		901556
\o 
\o COPYRIGHT (C) 1992-2023  CADENCE DESIGN SYSTEMS INC.  ALL RIGHTS RESERVED.
\o           (C) 1992-2023  UNIX SYSTEMS Laboratories INC.,
\o                          Reproduced with permission.
\o 
\o This Cadence Design Systems program and online documentation are
\o proprietary/confidential information and may be disclosed/used only
\o as authorized in a license agreement controlling such use and disclosure.
\o 
\o           RESTRICTED RIGHTS NOTICE (SHORT FORM)
\o Use/reproduction/disclosure is subject to restriction
\o set forth at FAR 1252.227-19 or its equivalent.
\o Loading geView.cxt 
\o Loading menuBuilder.cxt 
\o Loading schView.cxt 
\o Loading selectSv.cxt 
\o Load shared object file /eda/cadence/2022-23/RHELx86/MVS_21.12.000/tools.lnx86/ret/lib/64bit/libretboot.so
\o Load shared object file /eda/cadence/2022-23/RHELx86/MVS_21.12.000/tools.lnx86/lpa/lib/64bit/libretclef.so
\o 
\o Load shared object file /eda/cadence/2022-23/RHELx86/MVS_21.12.000/tools.lnx86/lpa/lib/64bit/libretmb.so
\o 
\o Hotspot Browser 1.0.0 (May  5 2016 12:15:38)
\o Loading /eda/cadence/2022-23/RHELx86/MVS_21.12.000/tools.lnx86/mmg/bin/64bit/etc/context/6.1.0/64bit/ccp.cxt
\w *WARNING* _ivPprInit: pvstdb did not respond so PVS is not installed.
\o Loading wireEdit.cxt 
\o Loading pte2.cxt 
\o Loading xlUI.cxt 
\o Loading auCore.cxt 
\o Loading vhdl.cxt 
\o Loading seismic.cxt 
\o Loading ci.cxt 
\o Loading ams.cxt 
\o Loading oasis.cxt 
\o Loading analog.cxt 
\o Loading asimenv.cxt 
\o Loading dal.cxt 
\o Loading awv.cxt 
\o Loading socket.cxt 
\o Loading par.cxt 
\o Loading alvs.cxt 
\o Loading caa.cxt 
\o Loading amps.cxt 
\o Loading adexlCore.cxt 
\o Loading adexl.cxt 
\o *Info*    Exporting services from client ... 
\o 
\o Loading adexlDM.cxt 
\o Loading cpf.cxt 
\o Loading cli.cxt 
\o Loading lp.cxt 
\# Memory report: using         256 MB, process size 1,953 MB at UTC 2024.03.11 15:38:33.079
\o INFO (ELI-00302) Connecting to parent process (session=virtuoso890241, host=it075679.wks.bris.ac.uk). Connection mode is ICRP. Total timeout is 180 seconds. Connection timeout is 90 seconds.
\o INFO (ELI-00303) Step 1: Connecting to parent. Time spent is 0 seconds.
\o INFO (ELI-00304) The registration of the child 901556 within 90 seconds is being processed...
\o INFO (ELI-00305) The result of registration is true. Time spent is 0 seconds.
\o INFO (ELI-00308) The connection has ended. Result is true. Total time spent is 0 seconds.
\# [15:38:27.189394] Configured Lic search path (22.01-s002): 5280@ls-dc2-fen-p1.services.bris.ac.uk:5280@ls-dc2-fen-p0.services.bris.ac.uk
\w *WARNING* LIB A_CELLS from File /home/oj23092/VLSI_Design_Lab/cds.lib Line 51 redefines
\w LIB A_CELLS from the same file (defined earlier.)
\w *WARNING* LIB PRIMLIBRF from File /home/oj23092/VLSI_Design_Lab/cds.lib Line 52 redefines
\w LIB PRIMLIBRF from the same file (defined earlier.)
\w *WARNING* The directory: '/home/oj23092/VLSI_Design_Lab/lab202x' does not exist
\w 	but was defined in libFile '/home/oj23092/VLSI_Design_Lab/cds.lib' for Lib 'lab202x'.
\o ......................................................................................
\o            ams AG HIT-Kit v.ams_4.10
\o ......................................................................................
\o COPYRIGHT (c) 2012 Full Service Foundry @ ams AG.  ALL RIGHTS RESERVED
\o This HIT-Kit and attached documentation are confidential information and may 
\o only be used as authorized by the HIT-Kit license agreement.
\o ......................................................................................
\o Loading simulator default settings.
\o HitKit On-Line Documentation not enabled - does ~/data.reg exist?
\o function ams_ResCallback redefined
\o function ams_ResCapCallback redefined
\o function ams_CapCallback redefined
\o function ams_MosCallback redefined
\o function ams_HvmosCB redefined
\o function ams_check_DPTUB redefined
\o function ams_isoCB redefined
\o Loading simulator default settings.
\o *Info*    Client has finished starting ... 
\o 
\o Loading vdsil.cxt 
\p hitkit: ams_4.10  Tech: c35b4c3  User: oj23092 
\# Loading perfDiag...
\# (PerfDiag): Set GDB path to environment variable 'gdbPath' (gdb).
\w *WARNING* (PerfDiag): The GDB command 'gdb' is not found or is invalid.
\# Performance Diagnostic tool is installed. You can access PerfDiag from CIW Tools or use the shell command 'cdsPerfDiag -p 901556' to open it when Virtuoso freezes.
\# (PerfDiag): Use backtrace from GLIBC.
\w *WARNING* (PerfDiag): The GDB-related functionality has been disabled. Use the 'gdbPath' environment variable to set a valid GDB path or set one of the SHELL environment variables CDS_DEBUGGER, DEBUGGER, or GDB, and restart Virtuoso.
\# Available memory:         16,207 MB at UTC 2024.03.11 15:38:38.651
\# Memory report: Maximum memory size now 16,505 MB at UTC 2024.03.11 15:38:38.651
\# Thread usage report: 18 active threads, active load 1.40 at UTC 2024.03.11 15:38:38.651
\o Job 1 timed out after no activity in 300 seconds.
\o Loading simui.cxt 
\o 
