Begin Incremental Netlisting Apr 15 17:18:38 2024
End netlisting Apr 15 17:18:38 2024
Begin Incremental Netlisting Apr 15 17:26:43 2024
End netlisting Apr 15 17:26:43 2024
Begin Incremental Netlisting Apr 15 17:55:27 2024
End netlisting Apr 15 17:55:27 2024
Begin Incremental Netlisting Apr 15 18:01:30 2024
WARNING (OSSHNL-226): There are more design variables used in the current
netlisting session as
compared to the last session in the current run directory.
The netlist(s)
generated in the last netlisting session cannot be reused for
incremental
netlisting. Therefore re-netlisting the design.

ERROR (OSSHNL-109): The cellview 'lab2024/tb_invParam/schematic' has been
modified since the last extraction. Validate
that the schematic is correct and
run Check and Save to correct this error.

End netlisting Apr 15 18:01:30 2024
Begin Incremental Netlisting Apr 15 18:03:24 2024
ERROR (OSSHNL-109): The cellview 'lab2024/tb_invParam/schematic' has been
modified since the last extraction. Validate
that the schematic is correct and
run Check and Save to correct this error.

End netlisting Apr 15 18:03:24 2024
Begin Incremental Netlisting Apr 15 18:04:33 2024
ERROR (OSSHNL-109): The cellview 'lab2024/tb_invParam/schematic' has been
modified since the last extraction. Validate
that the schematic is correct and
run Check and Save to correct this error.

End netlisting Apr 15 18:04:33 2024
Begin Incremental Netlisting Apr 15 18:09:07 2024
End netlisting Apr 15 18:09:08 2024
Begin Incremental Netlisting Apr 15 18:11:32 2024
End netlisting Apr 15 18:11:32 2024
