Starting Monte Carlo Sampling...

Current time: Mon Mar 11 15:59:41 2024 

Variation: All
Sampling Method: Random
Seed: 

MonteCarlo.1
Number of points completed: 100
Number of simulation errors: 0
MonteCarlo.1 completed. 
Current time: Mon Mar 11 16:01:48 2024 
Monte Carlo Sampling yield summary:
Number of spec values are in this yield data: 2
lab2024:tb_invParam:1	Nominal - 
	delay:	Yield	100%
		Min 8.23828e-11	Max 8.23828e-11	Mean 8.23828e-11	Sigma to Target 1.79769e+308	Number of errors 0
lab2024:tb_invParam:1	Nominal - 
	power:	Yield	0%
		Min 0.000851063	Max 0.000851063	Mean 0.000851063	Sigma to Target -1.79769e+308	Number of errors 0

lab2024:tb_invParam:1
	Overall Yield	0%	Number of points passed	0	Total number of points	100

Estimated yield = 0% (0/100), 0 errors
Estimated yield (No opregions) = 0% (0/100)
