ahdlcmicompile: Compiling ahdlcmi in ./input.ahdlSimDB//421d24576e48a3dc380c07f28ab19450.modp_ahdl.ahdlcmi/Linux-64/ for Linux-64 with optimize using gcc on Wed Jan 31 13:08:53 GMT 2024 [5.0]
ahdlcmicompile: Generating makefile
PATH:  /eda/cadence/2022-23/RHELx86/SPECTRE_21.10.751/bin:/eda/cadence/2022-23/RHELx86/SPECTRE_21.10.751/tools.lnx86/bin/64bit:/eda/cadence/2022-23/RHELx86/SPECTRE_21.10.751/tools.lnx86/bin:/eda/cadence/2022-23/RHELx86/IC_6.1.8.320/bin:/eda/cadence/2022-23/RHELx86/IC_6.1.8.320/tools/bin/64bit:/eda/cadence/2022-23/RHELx86/IC_6.1.8.320/tools/bin:/eda/cadence/2022-23/RHELx86/IC_6.1.8.320/share/oa/bin:/usr/local/cuda-11.4/bin:/usr/local/cuda-11.4/bin:/opt/matlab/R2023a/bin:/opt/haskell/9.2/bin:/usr/share/Modules/bin:/usr/local/cuda-11.4/bin:/usr/local/bin:/usr/local/sbin:/usr/bin:/usr/sbin:/opt/puppetlabs/bin:/var/lib/snapd/snap/bin:/opt/software/bin:/eda/cadence/ams/4.10/cds/bin:/eda/cadence/2022-23/RHELx86/VMANAGER_22.03.003/bin:/eda/cadence/2022-23/RHELx86/INDAGO_22.03.001/bin:/eda/cadence/2022-23/RHELx86/XCELIUM_22.03.005/bin:/eda/cadence/2022-23/RHELx86/XCELIUM_22.03.005/tools/bin:/eda/cadence/2022-23/RHELx86/XCELIUM_22.03.005/tools/cdsgcc/gcc/bin:/eda/cadence/2022-23/RHELx86/CONFRML_22.10.200/bin:/eda/cadence/2022-23/RHELx86/LITMUS_22.10.300/bin:/eda/cadence/2022-23/RHELx86/INTEGRAND_63.00.000/bin:/eda/cadence/2022-23/RHELx86/JLS_21.14.000/bin":/eda/cadence/2022-23/RHELx86/INNOVUSEXPORT_21.35.000/bin:/eda/cadence/2022-23/RHELx86/GENUS_21.15.000/bin:/eda/cadence/2022-23/RHELx86/SSV_22.11.000/bin:/eda/cadence/2022-23/RHELx86/MODUS_21.12.000/bin:/eda/cadence/2022-23/RHELx86/LIBERATE_21.77.044/bin:/eda/cadence/2022-23/RHELx86/PVS_21.12.000/bin:/eda/cadence/2022-23/RHELx86/QUANTUS_21.11.000/bin:/eda/cadence/2022-23/RHELx86/QUANTUS_21.11.000/tools/bin:/eda/cadence/2022-23/RHELx86/MVS_21.12.000/bin:/eda/cadence/2022-23/RHELx86/IC_6.1.8.320/tools/dfII/bin:/eda/cadence/2022-23/RHELx86/ASSURA_04.16.113_618/tools/bin:/eda/cadence/2022-23/RHELx86/ASSURA_04.16.113_618/tools/assura/bin:/eda/cadence/2022-23/RHELx86/ASSURA_04.16.113_618/bin:/eda/cadence/2022-23/RHELx86/JASPER_2022.09.000/bin
LD_LIBRARY_PATH:  /eda/cadence/2022-23/RHELx86/SPECTRE_21.10.751/tools.lnx86/giganta/lib/64bit:/eda/cadence/2022-23/RHELx86/SPECTRE_21.10.751/tools.lnx86/mdl/lib/64bit:/eda/cadence/2022-23/RHELx86/SPECTRE_21.10.751/tools.lnx86/mmsim/lib/64bit:/eda/cadence/2022-23/RHELx86/SPECTRE_21.10.751/tools.lnx86/tcltk-8.4.20/lib/64bit:/eda/cadence/2022-23/RHELx86/SPECTRE_21.10.751/tools.lnx86/python/64bit/lib:/eda/cadence/2022-23/RHELx86/SPECTRE_21.10.751/tools.lnx86/inca/lib/64bit:/eda/cadence/2022-23/RHELx86/SPECTRE_21.10.751/tools.lnx86/awrmwo/lib/64bit:/eda/cadence/2022-23/RHELx86/SPECTRE_21.10.751/tools.lnx86/spectre/lib/64bit:/eda/cadence/2022-23/RHELx86/SPECTRE_21.10.751/tools.lnx86/dfII/lib/64bit:/eda/cadence/2022-23/RHELx86/SPECTRE_21.10.751/tools.lnx86/fmc/lib/64bit:/eda/cadence/2022-23/RHELx86/SPECTRE_21.10.751/tools.lnx86/lib/64bit:/eda/cadence/2022-23/RHELx86/SPECTRE_21.10.751/tools.lnx86/lib/64bit:/eda/cadence/2022-23/RHELx86/SPECTRE_21.10.751/tools.lnx86/lib:/eda/cadence/2022-23/RHELx86/IC_6.1.8.320/share/oa/lib/linux_rhel60_64/opt:/eda/cadence/2022-23/RHELx86/IC_6.1.8.320/tools/dfII/lib/64bit:/eda/cadence/2022-23/RHELx86/IC_6.1.8.320/tools/sev/lib/64bit:/eda/cadence/2022-23/RHELx86/IC_6.1.8.320/tools/lib/64bit:/eda/cadence/2022-23/RHELx86/IC_6.1.8.320/tools/lib:/eda/cadence/2022-23/RHELx86/IC_6.1.8.320/tools/hdf5/lib/64bit:/eda/cadence/2022-23/RHELx86/IC_6.1.8.320/tools/lz4/lib/64bit:/eda/cadence/2022-23/RHELx86/IC_6.1.8.320/tools/python/64bit/lib:/eda/cadence/2022-23/RHELx86/XCELIUM_22.03.005/tools.lnx86/lib/64bit:/eda/cadence/2022-23/RHELx86/IC_6.1.8.320/tools/TPtools/grpc/lib64:/eda/cadence/2022-23/RHELx86/IC_6.1.8.320/tools/TPtools/grpc/lib:/eda/cadence/2022-23/RHELx86/IC_6.1.8.320/tools/Qt/v5/64bit/lib
/eda/cadence/2022-23/RHELx86/SPECTRE_21.10.751/tools.lnx86/spectre/ahdlcmi/bin/gnumake -j8 -f GNUmakefile
Cleaning ./obj/optimize/5.0
rm -f -rf ./obj/optimize/5.0
Compiling C file modp_ahdl_func.c (optimize)
Compiling C file modp_ahdl_DcFuncDerLoad.c (optimize)
/eda/cadence/2022-23/RHELx86/SPECTRE_21.10.751/tools.lnx86/spectre/ahdlcmi/bin/64bit/ahdlcc 0 /eda/cadence/2022-23/RHELx86/SPECTRE_21.10.751/tools.lnx86/cdsgcc/gcc/9.3/bin/gcc  -ffast-math  -fno-unsafe-math-optimizations -O3 -m64 -DSYSV -DSVR4 -D_REENTRANT -fPIC   -DconfigSPECTRE -I. -I/eda/cadence/2022-23/RHELx86/SPECTRE_21.10.751/tools.lnx86/spectre/ahdlcmi/include -c modp_ahdl_func.c -o obj/optimize/5.0/modp_ahdl_func.o || rm -f -f obj/optimize/5.0/modp_ahdl_func.o
Compiling C file modp_ahdl_DcFuncLoad.c (optimize)
/eda/cadence/2022-23/RHELx86/SPECTRE_21.10.751/tools.lnx86/spectre/ahdlcmi/bin/64bit/ahdlcc 0 /eda/cadence/2022-23/RHELx86/SPECTRE_21.10.751/tools.lnx86/cdsgcc/gcc/9.3/bin/gcc  -ffast-math  -fno-unsafe-math-optimizations -O3 -m64 -DSYSV -DSVR4 -D_REENTRANT -fPIC   -DconfigSPECTRE -I. -I/eda/cadence/2022-23/RHELx86/SPECTRE_21.10.751/tools.lnx86/spectre/ahdlcmi/include -c modp_ahdl_DcFuncDerLoad.c -o obj/optimize/5.0/modp_ahdl_DcFuncDerLoad.o || rm -f -f obj/optimize/5.0/modp_ahdl_DcFuncDerLoad.o
Compiling C file modp_ahdl_TranFuncDerLoad.c (optimize)
Compiling C file modp_ahdl_TranFuncLoad.c (optimize)
/eda/cadence/2022-23/RHELx86/SPECTRE_21.10.751/tools.lnx86/spectre/ahdlcmi/bin/64bit/ahdlcc 0 /eda/cadence/2022-23/RHELx86/SPECTRE_21.10.751/tools.lnx86/cdsgcc/gcc/9.3/bin/gcc  -ffast-math  -fno-unsafe-math-optimizations -O3 -m64 -DSYSV -DSVR4 -D_REENTRANT -fPIC   -DconfigSPECTRE -I. -I/eda/cadence/2022-23/RHELx86/SPECTRE_21.10.751/tools.lnx86/spectre/ahdlcmi/include -c modp_ahdl_DcFuncLoad.c -o obj/optimize/5.0/modp_ahdl_DcFuncLoad.o || rm -f -f obj/optimize/5.0/modp_ahdl_DcFuncLoad.o
Compiling C file modp_ahdl_OpPointCalc.c (optimize)
/eda/cadence/2022-23/RHELx86/SPECTRE_21.10.751/tools.lnx86/spectre/ahdlcmi/bin/64bit/ahdlcc 0 /eda/cadence/2022-23/RHELx86/SPECTRE_21.10.751/tools.lnx86/cdsgcc/gcc/9.3/bin/gcc  -ffast-math  -fno-unsafe-math-optimizations -O3 -m64 -DSYSV -DSVR4 -D_REENTRANT -fPIC   -DconfigSPECTRE -I. -I/eda/cadence/2022-23/RHELx86/SPECTRE_21.10.751/tools.lnx86/spectre/ahdlcmi/include -c modp_ahdl_TranFuncDerLoad.c -o obj/optimize/5.0/modp_ahdl_TranFuncDerLoad.o || rm -f -f obj/optimize/5.0/modp_ahdl_TranFuncDerLoad.o
/eda/cadence/2022-23/RHELx86/SPECTRE_21.10.751/tools.lnx86/spectre/ahdlcmi/bin/64bit/ahdlcc 0 /eda/cadence/2022-23/RHELx86/SPECTRE_21.10.751/tools.lnx86/cdsgcc/gcc/9.3/bin/gcc  -ffast-math  -fno-unsafe-math-optimizations -O3 -m64 -DSYSV -DSVR4 -D_REENTRANT -fPIC   -DconfigSPECTRE -I. -I/eda/cadence/2022-23/RHELx86/SPECTRE_21.10.751/tools.lnx86/spectre/ahdlcmi/include -c modp_ahdl_TranFuncLoad.c -o obj/optimize/5.0/modp_ahdl_TranFuncLoad.o || rm -f -f obj/optimize/5.0/modp_ahdl_TranFuncLoad.o
/eda/cadence/2022-23/RHELx86/SPECTRE_21.10.751/tools.lnx86/spectre/ahdlcmi/bin/64bit/ahdlcc 0 /eda/cadence/2022-23/RHELx86/SPECTRE_21.10.751/tools.lnx86/cdsgcc/gcc/9.3/bin/gcc  -ffast-math  -fno-unsafe-math-optimizations -O3 -m64 -DSYSV -DSVR4 -D_REENTRANT -fPIC   -DconfigSPECTRE -I. -I/eda/cadence/2022-23/RHELx86/SPECTRE_21.10.751/tools.lnx86/spectre/ahdlcmi/include -c modp_ahdl_OpPointCalc.c -o obj/optimize/5.0/modp_ahdl_OpPointCalc.o || rm -f -f obj/optimize/5.0/modp_ahdl_OpPointCalc.o
Compiling C file modp_ahdl_cmi_c.c (optimize)
/eda/cadence/2022-23/RHELx86/SPECTRE_21.10.751/tools.lnx86/spectre/ahdlcmi/bin/64bit/ahdlcc 0 /eda/cadence/2022-23/RHELx86/SPECTRE_21.10.751/tools.lnx86/cdsgcc/gcc/9.3/bin/gcc  -ffast-math  -fno-unsafe-math-optimizations -O3 -m64 -DSYSV -DSVR4 -D_REENTRANT -fPIC   -DconfigSPECTRE -I. -I/eda/cadence/2022-23/RHELx86/SPECTRE_21.10.751/tools.lnx86/spectre/ahdlcmi/include -I/eda/cadence/2022-23/RHELx86/SPECTRE_21.10.751/tools.lnx86/cmi/include -c modp_ahdl_cmi_c.c -o obj/optimize/5.0/modp_ahdl_cmi_c.o || rm -f -f obj/optimize/5.0/modp_ahdl_cmi_c.o
<stdin>: In function 'modp_ahdl_pPrintDescription':
<stdin>:1106:3: warning: implicit declaration of function 'msgWrite' [-Wimplicit-function-declaration]
<stdin>:1108:67: warning: implicit declaration of function 'devGetRFinFreqDomain' [-Wimplicit-function-declaration]
<stdin>: In function 'modp_ahdl_pGetInstanceParams':
<stdin>:1337:41: warning: implicit declaration of function 'devGetInstKnotStatus'; did you mean 'devGetInstState'? [-Wimplicit-function-declaration]
<stdin>: In function 'modp_ahdl_pDC_Load':
<stdin>:1621:41: warning: passing argument 1 of 'aslDevFillZeorDiagonalElemet' makes pointer from integer without a cast [-Wint-conversion]
In file included from <stdin>:24:
/eda/cadence/2022-23/RHELx86/SPECTRE_21.10.751/tools.lnx86/spectre/ahdlcmi/include/ahdlDevLibGlobal.h:2836:63: note: expected 'void *' but argument is of type 'long int'
 2836 | ASL_FUNC_DECL_START extern void aslDevFillZeorDiagonalElemet( void *, int, unsigned int, struct ahdlFuncModeParam * );
      |                                                               ^~~~~~
<stdin>: In function 'modp_ahdl_pCompare':
<stdin>:2246:3: warning: implicit declaration of function 'spReplaceMatrixPointer'; did you mean 'aslDevLaplaceGetMatrixPointer'? [-Wimplicit-function-declaration]
<stdin>:2255:38: warning: assignment to 'long int' from 'long int *' makes integer from pointer without a cast [-Wint-conversion]
<stdin>:2256:23: warning: passing argument 1 of 'memcpy' makes pointer from integer without a cast [-Wint-conversion]
In file included from /eda/cadence/2022-23/RHELx86/SPECTRE_21.10.751/tools.lnx86/spectre/ahdlcmi/include/ahdlPiCmi.h:5,
                 from /eda/cadence/2022-23/RHELx86/SPECTRE_21.10.751/tools.lnx86/spectre/ahdlcmi/include/ahdlDevLibGlobal.h:80,
                 from <stdin>:24:
/usr/include/string.h:43:14: note: expected 'void * restrict' but argument is of type 'long int'
   43 | extern void *memcpy (void *__restrict __dest, const void *__restrict __src,
      |              ^~~~~~
<stdin>:2256:59: warning: passing argument 2 of 'memcpy' makes pointer from integer without a cast [-Wint-conversion]
In file included from /eda/cadence/2022-23/RHELx86/SPECTRE_21.10.751/tools.lnx86/spectre/ahdlcmi/include/ahdlPiCmi.h:5,
                 from /eda/cadence/2022-23/RHELx86/SPECTRE_21.10.751/tools.lnx86/spectre/ahdlcmi/include/ahdlDevLibGlobal.h:80,
                 from <stdin>:24:
/usr/include/string.h:43:14: note: expected 'const void * restrict' but argument is of type 'long int'
   43 | extern void *memcpy (void *__restrict __dest, const void *__restrict __src,
      |              ^~~~~~
<stdin>:2258:38: warning: assignment to 'long int' from 'void *' makes integer from pointer without a cast [-Wint-conversion]
<stdin>: In function 'modp_ahdl_pGetMatrixPointers':
<stdin>:2426:35: warning: assignment to 'long int' from 'void *' makes integer from pointer without a cast [-Wint-conversion]
<stdin>:2428:38: warning: assignment to 'long int' from 'void *' makes integer from pointer without a cast [-Wint-conversion]
<stdin>: In function 'modp_ahdl_pAnalTranLoad':
<stdin>:3272:8: warning: implicit declaration of function 'isBeamsFlow' [-Wimplicit-function-declaration]
<stdin>:3300:42: warning: passing argument 1 of 'aslDevFillZeorDiagonalElemet' makes pointer from integer without a cast [-Wint-conversion]
In file included from <stdin>:24:
/eda/cadence/2022-23/RHELx86/SPECTRE_21.10.751/tools.lnx86/spectre/ahdlcmi/include/ahdlDevLibGlobal.h:2836:63: note: expected 'void *' but argument is of type 'long int'
 2836 | ASL_FUNC_DECL_START extern void aslDevFillZeorDiagonalElemet( void *, int, unsigned int, struct ahdlFuncModeParam * );
      |                                                               ^~~~~~
<stdin>:3302:39: warning: passing argument 1 of 'aslDevFillZeroDiagQuartet' makes pointer from integer without a cast [-Wint-conversion]
In file included from <stdin>:24:
/eda/cadence/2022-23/RHELx86/SPECTRE_21.10.751/tools.lnx86/spectre/ahdlcmi/include/ahdlDevLibGlobal.h:2838:60: note: expected 'void *' but argument is of type 'long int'
 2838 | ASL_FUNC_DECL_START extern void aslDevFillZeroDiagQuartet( void *, int, unsigned int, struct ahdlFuncModeParam * );
      |                                                            ^~~~~~
<stdin>: In function 'modp_ahdl_pSaveRestart':
<stdin>:3564:13: warning: implicit declaration of function 'mmsThreshSR' [-Wimplicit-function-declaration]
<stdin>:3574:4: warning: implicit declaration of function 'pklAccessDouble' [-Wimplicit-function-declaration]
<stdin>:3575:30: warning: passing argument 2 of 'aslDevAvarSR' from incompatible pointer type [-Wincompatible-pointer-types]
In file included from <stdin>:24:
/eda/cadence/2022-23/RHELx86/SPECTRE_21.10.751/tools.lnx86/spectre/ahdlcmi/include/ahdlDevLibGlobal.h:1215:58: note: expected 'struct ahdlAnalogVar *' but argument is of type 'char *'
 1215 | ASL_FUNC_DECL_START extern PklError_e aslDevAvarSR( int, struct ahdlAnalogVar *, char *, char *, char *, PklJar_t * );
      |                                                          ^~~~~~~~~~~~~~~~~~~~~~
<stdin>: In function 'modp_ahdl_pSaveRestartInst':
<stdin>:3651:28: warning: passing argument 2 of 'aslDevAvarSR' from incompatible pointer type [-Wincompatible-pointer-types]
In file included from <stdin>:24:
/eda/cadence/2022-23/RHELx86/SPECTRE_21.10.751/tools.lnx86/spectre/ahdlcmi/include/ahdlDevLibGlobal.h:1215:58: note: expected 'struct ahdlAnalogVar *' but argument is of type 'char *'
 1215 | ASL_FUNC_DECL_START extern PklError_e aslDevAvarSR( int, struct ahdlAnalogVar *, char *, char *, char *, PklJar_t * );
      |                                                          ^~~~~~~~~~~~~~~~~~~~~~
<stdin>: In function 'ahdlmodp_ahdlDescInstall':
<stdin>:3815:2: warning: implicit declaration of function 'descSetDeviceType'; did you mean 'descSetType'? [-Wimplicit-function-declaration]
<stdin>:3817:2: warning: implicit declaration of function 'descSetSetContrInfoPtr' [-Wimplicit-function-declaration]
<stdin>:3825:2: warning: implicit declaration of function 'descSetCopySignals'; did you mean 'descSetMapSignals'? [-Wimplicit-function-declaration]
<stdin>:3855:2: warning: implicit declaration of function 'descSetPrintDescription' [-Wimplicit-function-declaration]
<stdin>:3857:2: warning: implicit declaration of function 'descSetGetNodeNamesForBranch'; did you mean 'modp_ahdl_pGetNodeNamesForBranch'? [-Wimplicit-function-declaration]
<stdin>:3858:2: warning: implicit declaration of function 'descSetGetLinearityFactor'; did you mean 'modp_ahdl_pGetLinearityFactor'? [-Wimplicit-function-declaration]
rm -f -rf modp_ahdl_DcFuncLoad.c
rm -f -rf modp_ahdl_DcFuncDerLoad.c
rm -f -rf modp_ahdl_OpPointCalc.c
rm -f -rf modp_ahdl_TranFuncLoad.c
rm -f -rf modp_ahdl_TranFuncDerLoad.c
rm -f -rf modp_ahdl_func.c
rm -f -rf modp_ahdl_cmi_c.c
/eda/cadence/2022-23/RHELx86/SPECTRE_21.10.751/tools.lnx86/cdsgcc/gcc/9.3/bin/gcc -shared -O3 -m64 -fPIC -o obj/optimize/5.0/libahdlcmi_modp_ahdl.so ./obj/optimize/5.0/modp_ahdl_func.o ./obj/optimize/5.0/modp_ahdl_DcFuncDerLoad.o ./obj/optimize/5.0/modp_ahdl_DcFuncLoad.o ./obj/optimize/5.0/modp_ahdl_TranFuncDerLoad.o ./obj/optimize/5.0/modp_ahdl_TranFuncLoad.o ./obj/optimize/5.0/modp_ahdl_OpPointCalc.o ./obj/optimize/5.0/modp_ahdl_cmi_c.o  -Wl,-rpath,/usr/lib -Wl,-rpath,/lib -s 
rm -f -f ./obj/optimize/5.0/modp_ahdl_func.o ./obj/optimize/5.0/modp_ahdl_DcFuncDerLoad.o ./obj/optimize/5.0/modp_ahdl_DcFuncLoad.o ./obj/optimize/5.0/modp_ahdl_TranFuncDerLoad.o ./obj/optimize/5.0/modp_ahdl_TranFuncLoad.o ./obj/optimize/5.0/modp_ahdl_OpPointCalc.o ./obj/optimize/5.0/modp_ahdl_cmi_c.o 
